<?xml version="1.0" encoding="UTF-8"?>
<!-- Generated by org.testng.reporters.JUnitReportReporter -->
<testsuite hostname="LAPTOP-FMDH9RA6" failures="0" tests="11" name="DogTests" time="0.019" errors="0" timestamp="2021-10-07T12:32:49 EDT" skipped="0">
  <testcase classname="DogTests" name="test_TwoDog_NotEqual" time="0.002"/>
  <system-out/>
  <testcase classname="DogTests" name="test_DogTwoParamConstructor_NotNull" time="0.000"/>
  <system-out/>
  <testcase classname="DogTests" name="test_DogToString" time="0.000"/>
  <system-out/>
  <testcase classname="DogTests" name="test_DogThreeParamConstructor_NotNull" time="0.000"/>
  <system-out/>
  <testcase classname="DogTests" name="test_Dog_NoException" time="0.000"/>
  <system-out/>
  <testcase classname="DogTests" name="test_DogNoParamConstructor_NotNull" time="0.001"/>
  <system-out/>
  <testcase classname="DogTests" name="test_DogSetGetAge_Equals" time="0.001"/>
  <system-out/>
  <testcase classname="DogTests" name="test_DogSetGetBreed_Equals" time="0.001"/>
  <system-out/>
  <testcase classname="DogTests" name="test_DogToStringEmpty" time="0.000"/>
  <system-out/>
  <testcase classname="DogTests" name="test_DogSetGetName_Equals" time="0.000"/>
  <system-out/>
  <testcase classname="DogTests" name="test_DogClass_Equals" time="0.014"/>
  <system-out/>
</testsuite> <!-- DogTests -->
